<?xml version="1.0" encoding="UTF-8"?>
<!-- Generated by org.testng.reporters.JUnitXMLReporter -->
<testsuite hostname="LAPTOP-0UFO5ORC" name="Default test" tests="4" failures="0" timestamp="14 May 2020 19:34:08 GMT" time="124.24" errors="0">
  <testcase name="verify_SignInLink" time="0.698" classname="sign_inPage.sign_in_page"/>
  <testcase name="verify_dealAdd" time="0.23" classname="sign_inPage.sign_in_page"/>
  <testcase name="verify_logo" time="0.116" classname="sign_inPage.sign_in_page"/>
  <testcase name="verify_title" time="0.014" classname="sign_inPage.sign_in_page"/>
</testsuite> <!-- Default test -->
