<?xml version="1.0" encoding="UTF-8"?>
<!-- Generated by org.testng.reporters.JUnitXMLReporter -->
<testsuite hostname="LAPTOP-0UFO5ORC" name="My Store" tests="6" failures="0" timestamp="18 May 2020 17:41:51 GMT" time="141.443" errors="0">
  <testcase name="verify_SignInLink" time="0.176" classname="sign_inPage.sign_in_page"/>
  <testcase name="verify_dealAdd" time="0.084" classname="sign_inPage.sign_in_page"/>
  <testcase name="verify_logo" time="0.093" classname="sign_inPage.sign_in_page"/>
  <testcase name="verify_title" time="0.013" classname="sign_inPage.sign_in_page"/>
  <testcase name="title" time="5.012" classname="LoginpageTest.loginpage"/>
  <testcase name="verify_signin" time="8.376" classname="LoginpageTest.loginpage"/>
</testsuite> <!-- My Store -->
