<?xml version="1.0" encoding="UTF-8"?>
<!-- Generated by org.testng.reporters.JUnitXMLReporter -->
<testsuite hostname="LAPTOP-0UFO5ORC" name="My Store" tests="4" failures="0" timestamp="14 May 2020 23:16:14 GMT" time="90.93" errors="0">
  <testcase name="verify_SignInLink" time="0.267" classname="sign_inPage.sign_in_page"/>
  <testcase name="verify_dealAdd" time="0.061" classname="sign_inPage.sign_in_page"/>
  <testcase name="verify_logo" time="0.097" classname="sign_inPage.sign_in_page"/>
  <testcase name="verify_title" time="0.028" classname="sign_inPage.sign_in_page"/>
</testsuite> <!-- My Store -->
