<?xml version="1.0" encoding="UTF-8"?>
<testng-results skipped="0" failed="0" total="1" passed="1">
  <reporter-output>
  </reporter-output>
  <suite name="Default suite" duration-ms="36877" started-at="2020-05-21T12:50:40Z" finished-at="2020-05-21T12:51:17Z">
    <groups>
    </groups>
    <test name="Default test" duration-ms="36877" started-at="2020-05-21T12:50:40Z" finished-at="2020-05-21T12:51:17Z">
      <class name="HomepageTest.homepage">
        <test-method status="PASS" signature="beforeMethod()[pri:0, instance:HomepageTest.homepage@2cb4c3ab]" name="beforeMethod" is-config="true" duration-ms="28105" started-at="2020-05-21T08:50:41Z" finished-at="2020-05-21T08:51:09Z">
          <reporter-output>
          </reporter-output>
        </test-method> <!-- beforeMethod -->
        <test-method status="PASS" signature="verift_searsh_box()[pri:0, instance:HomepageTest.homepage@2cb4c3ab]" name="verift_searsh_box" duration-ms="7690" started-at="2020-05-21T08:51:09Z" finished-at="2020-05-21T08:51:16Z">
          <reporter-output>
          </reporter-output>
        </test-method> <!-- verift_searsh_box -->
        <test-method status="PASS" signature="afterMethod()[pri:0, instance:HomepageTest.homepage@2cb4c3ab]" name="afterMethod" is-config="true" duration-ms="1055" started-at="2020-05-21T08:51:16Z" finished-at="2020-05-21T08:51:17Z">
          <reporter-output>
          </reporter-output>
        </test-method> <!-- afterMethod -->
      </class> <!-- HomepageTest.homepage -->
    </test> <!-- Default test -->
  </suite> <!-- Default suite -->
</testng-results>
